<?xml version="1.0" encoding="UTF-8"?>
<!-- Generated by org.testng.reporters.JUnitXMLReporter -->
<testsuite ignored="0" hostname="mamipapsal" failures="0" tests="3" name="Default test" time="32.365" errors="0" timestamp="27 Apr 2023 18:04:56 GMT">
  <testcase classname="com.base.Testngrunner" name="selectCity" time="10.527"/>
  <testcase classname="com.base.Testngrunner" name="flightSelect" time="4.962"/>
  <testcase classname="com.base.Testngrunner" name="travellerDetails" time="16.855"/>
</testsuite> <!-- Default test -->
