<?xml version="1.0" encoding="UTF-8"?>
<testng-results ignored="0" total="3" passed="3" failed="0" skipped="0">
  <reporter-output>
  </reporter-output>
  <suite started-at="2023-04-27T18:04:23Z" name="Default suite" finished-at="2023-04-27T18:04:56Z" duration-ms="32365">
    <groups>
    </groups>
    <test started-at="2023-04-27T18:04:23Z" name="Default test" finished-at="2023-04-27T18:04:56Z" duration-ms="32365">
      <class name="com.base.Testngrunner">
        <test-method is-config="true" signature="browserLaunch()[pri:0, instance:com.base.Testngrunner@73d983ea]" started-at="2023-04-27T18:04:17Z" name="browserLaunch" finished-at="2023-04-27T18:04:23Z" duration-ms="6062" status="PASS">
          <reporter-output>
          </reporter-output>
        </test-method> <!-- browserLaunch -->
        <test-method signature="selectCity()[pri:1, instance:com.base.Testngrunner@73d983ea]" started-at="2023-04-27T18:04:23Z" name="selectCity" finished-at="2023-04-27T18:04:34Z" duration-ms="10527" status="PASS">
          <reporter-output>
          </reporter-output>
        </test-method> <!-- selectCity -->
        <test-method signature="flightSelect()[pri:2, instance:com.base.Testngrunner@73d983ea]" started-at="2023-04-27T18:04:34Z" name="flightSelect" finished-at="2023-04-27T18:04:39Z" duration-ms="4962" status="PASS">
          <reporter-output>
          </reporter-output>
        </test-method> <!-- flightSelect -->
        <test-method signature="travellerDetails()[pri:3, instance:com.base.Testngrunner@73d983ea]" started-at="2023-04-27T18:04:39Z" name="travellerDetails" finished-at="2023-04-27T18:04:56Z" duration-ms="16855" status="PASS">
          <reporter-output>
          </reporter-output>
        </test-method> <!-- travellerDetails -->
        <test-method is-config="true" signature="browserclose()[pri:0, instance:com.base.Testngrunner@73d983ea]" started-at="2023-04-27T18:04:56Z" name="browserclose" finished-at="2023-04-27T18:04:56Z" duration-ms="245" status="PASS">
          <reporter-output>
          </reporter-output>
        </test-method> <!-- browserclose -->
      </class> <!-- com.base.Testngrunner -->
    </test> <!-- Default test -->
  </suite> <!-- Default suite -->
</testng-results>
